TN:
SF:/home/user/Documents/CppUTest/CppUTest-example/src/ff.c
FN:19,f_open
FN:52,f_close
FN:64,f_read
FN:78,f_write
FN:92,f_lseek
FN:111,f_sync
FN:118,f_unlink
FN:130,f_stat
FN:143,f_size
FN:170,f_expand
FN:178,f_truncate
FN:190,f_error
FN:197,f_tell
FN:205,f_getfree
FNDA:104328,f_open
FNDA:104328,f_close
FNDA:95520,f_read
FNDA:4224,f_write
FNDA:105984,f_lseek
FNDA:0,f_sync
FNDA:0,f_unlink
FNDA:0,f_stat
FNDA:557257,f_size
FNDA:0,f_expand
FNDA:6240,f_truncate
FNDA:0,f_error
FNDA:114727,f_tell
FNDA:0,f_getfree
FNF:14
FNH:8
DA:19,104328
DA:23,104328
DA:25,0
DA:27,104328
DA:29,0
DA:31,104328
DA:33,104328
DA:35,104328
DA:37,104328
DA:38,104328
DA:45,104328
DA:47,104327
DA:49,1
DA:52,104328
DA:54,104328
DA:55,104328
DA:57,104328
DA:59,104327
DA:61,1
DA:64,95520
DA:67,95520
DA:68,95520
DA:70,95520
DA:72,95520
DA:73,95520
DA:75,0
DA:78,4224
DA:81,4224
DA:82,4224
DA:84,4224
DA:86,4224
DA:87,4224
DA:89,0
DA:92,105984
DA:95,105984
DA:97,105984
DA:99,105984
DA:101,4160
DA:104,105984
DA:106,105984
DA:108,0
DA:111,0
DA:113,0
DA:114,0
DA:115,0
DA:118,0
DA:121,0
DA:123,0
DA:125,0
DA:127,0
DA:130,0
DA:135,0
DA:136,0
DA:138,0
DA:140,0
DA:143,557257
DA:148,557257
DA:149,557257
DA:150,557257
DA:152,0
DA:155,557257
DA:156,557257
DA:158,0
DA:161,557257
DA:162,557257
DA:164,0
DA:167,557257
DA:170,0
DA:172,0
DA:173,0
DA:174,0
DA:175,0
DA:178,6240
DA:180,6240
DA:181,6240
DA:183,6240
DA:185,6240
DA:187,0
DA:190,0
DA:192,0
DA:193,0
DA:197,114727
DA:200,114727
DA:201,114727
DA:202,114727
DA:205,0
DA:207,0
DA:208,0
DA:209,0
DA:211,0
DA:212,0
DA:217,0
DA:219,0
LF:93
LH:54
end_of_record
TN:
SF:/home/user/Documents/CppUTest/CppUTest-example/src/io.c
FN:31,io_create_contiguous
FN:70,io_open
FN:121,io_read
FN:252,io_write
FN:345,io_sync
FN:375,io_size
FN:392,io_tell
FN:410,io_lseek
FN:460,io_truncate
FN:534,io_error
FN:558,io_set_timestamp
FN:584,io_close
FN:619,alloc_buffer
FN:649,buffer_specs
FN:701,buffer_exists
FN:731,write_cache
FN:791,modif_cache
FN:833,free_buffer
FN:865,seek
FN:882,allocFileDescriptor
FN:919,preallocate
FNDA:0,io_create_contiguous
FNDA:104328,io_open
FNDA:97730,io_read
FNDA:4289,io_write
FNDA:0,io_sync
FNDA:8449,io_size
FNDA:0,io_tell
FNDA:0,io_lseek
FNDA:4225,io_truncate
FNDA:0,io_error
FNDA:0,io_set_timestamp
FNDA:104328,io_close
FNDA:97824,alloc_buffer
FNDA:99744,buffer_specs
FNDA:99744,buffer_exists
FNDA:97824,write_cache
FNDA:4224,modif_cache
FNDA:202152,free_buffer
FNDA:105984,seek
FNDA:104328,allocFileDescriptor
FNDA:6240,preallocate
FNF:21
FNH:15
DA:31,0
DA:34,0
DA:41,0
DA:43,0
DA:44,0
DA:46,0
DA:49,0
DA:50,0
DA:52,0
DA:55,0
DA:57,0
DA:60,0
DA:61,0
DA:70,104328
DA:74,104328
DA:76,104328
DA:77,104328
DA:79,0
DA:83,104328
DA:85,104328
DA:89,104328
DA:90,104328
DA:92,1
DA:93,1
DA:97,104327
DA:98,104327
DA:99,104327
DA:103,104327
DA:107,104327
DA:109,104327
DA:121,97730
DA:123,97730
DA:124,97730
DA:125,97730
DA:126,97730
DA:127,97730
DA:129,97730
DA:131,97730
DA:133,97730
DA:135,0
DA:138,97730
DA:140,0
DA:143,97730
DA:145,0
DA:149,97730
DA:152,2210
DA:154,2210
DA:159,95520
DA:162,47840
DA:164,47840
DA:169,95520
DA:170,95520
DA:172,0
DA:176,95520
DA:178,95520
DA:181,0
DA:182,0
DA:183,0
DA:184,0
DA:186,95520
DA:189,93600
DA:190,93600
DA:192,0
DA:195,93600
DA:196,93600
DA:198,0
DA:205,95520
DA:208,95520
DA:209,95520
DA:211,0
DA:214,95520
DA:217,95520
DA:219,95520
DA:220,95520
DA:222,0
DA:226,95520
DA:227,95520
DA:229,43040
DA:231,95520
DA:233,95520
DA:235,0
DA:238,95520
DA:252,4289
DA:254,4289
DA:255,4289
DA:256,4289
DA:257,4289
DA:259,4289
DA:261,4289
DA:263,4289
DA:265,65
DA:268,4224
DA:270,0
DA:273,4224
DA:275,0
DA:278,4224
DA:281,0
DA:285,4224
DA:287,0
DA:290,4224
DA:292,0
DA:296,4224
DA:297,4224
DA:299,0
DA:303,4224
DA:305,0
DA:306,0
DA:309,4224
DA:310,4224
DA:312,0
DA:315,4224
DA:316,4224
DA:318,0
DA:320,4224
DA:322,0
DA:326,4224
DA:328,1920
DA:329,1920
DA:331,0
DA:336,4224
DA:337,4224
DA:345,0
DA:347,0
DA:348,0
DA:350,0
DA:354,0
DA:355,0
DA:357,0
DA:365,0
DA:366,0
DA:375,8449
DA:377,8449
DA:379,0
DA:382,8449
DA:383,8449
DA:392,0
DA:394,0
DA:396,0
DA:399,0
DA:400,0
DA:410,0
DA:415,0
DA:417,0
DA:420,0
DA:421,0
DA:423,0
DA:426,0
DA:428,0
DA:430,0
DA:432,0
DA:436,0
DA:437,0
DA:439,0
DA:442,0
DA:444,0
DA:446,0
DA:448,0
DA:450,0
DA:460,4225
DA:462,4225
DA:465,4225
DA:467,0
DA:470,4225
DA:471,4225
DA:473,0
DA:476,4225
DA:479,129
DA:481,4096
DA:484,2016
DA:486,2080
DA:489,2080
DA:490,2080
DA:492,0
DA:495,0
DA:496,0
DA:497,0
DA:498,0
DA:499,0
DA:501,0
DA:505,2080
DA:513,2080
DA:514,2080
DA:516,0
DA:519,2080
DA:520,2080
DA:522,0
DA:526,2080
DA:534,0
DA:536,0
DA:538,0
DA:540,0
DA:542,0
DA:544,0
DA:558,0
DA:565,0
DA:584,104328
DA:587,104328
DA:588,104328
DA:590,0
DA:593,104328
DA:594,104328
DA:596,0
DA:599,104328
DA:600,104328
DA:602,1
DA:605,104328
DA:606,104328
DA:607,104328
DA:609,104328
DA:619,97824
DA:621,97824
DA:623,0
DA:626,97824
DA:627,97824
DA:628,97824
DA:630,97824
DA:632,0
DA:635,97824
DA:637,97824
DA:649,99744
DA:651,99744
DA:652,99744
DA:653,99744
DA:655,99744
DA:657,0
DA:660,99744
DA:662,0
DA:665,99744
DA:668,1176
DA:672,98568
DA:675,99744
DA:680,99744
DA:682,99744
DA:684,0
DA:687,99744
DA:688,99744
DA:689,99744
DA:691,99744
DA:701,99744
DA:703,99744
DA:706,97824
DA:708,1920
DA:711,0
DA:713,1920
DA:716,0
DA:718,1920
DA:721,1920
DA:723,0
DA:731,97824
DA:733,97824
DA:734,97824
DA:736,97824
DA:738,0
DA:741,97824
DA:745,4224
DA:746,4224
DA:748,0
DA:752,4224
DA:755,4224
DA:756,4224
DA:758,0
DA:768,4224
DA:769,4224
DA:771,0
DA:773,4224
DA:775,0
DA:777,4224
DA:779,97824
DA:791,4224
DA:795,4224
DA:797,0
DA:800,4224
DA:802,47904
DA:805,43680
DA:806,43680
DA:809,4224
DA:810,4224
DA:811,4224
DA:813,2304
DA:816,4224
DA:818,2144
DA:821,4224
DA:822,4224
DA:823,4224
DA:833,202152
DA:835,202152
DA:836,202152
DA:838,0
DA:841,202152
DA:843,97824
DA:844,97824
DA:846,0
DA:848,97824
DA:849,97824
DA:851,202152
DA:852,202152
DA:853,202152
DA:854,202152
DA:856,202152
DA:865,105984
DA:867,105984
DA:869,0
DA:875,105984
DA:882,104328
DA:884,104328
DA:887,104328
DA:888,104328
DA:890,0
DA:893,104328
DA:894,104328
DA:896,0
DA:897,0
DA:901,104328
DA:902,104328
DA:903,104328
DA:904,104328
DA:905,104328
DA:906,104328
DA:907,104328
DA:908,104328
DA:910,104328
DA:919,6240
DA:923,6240
DA:925,0
DA:928,6240
DA:930,2080
DA:934,4160
DA:935,4160
DA:937,0
DA:940,4160
DA:941,4160
LF:331
LH:216
end_of_record
